<?xml version="1.0" encoding="UTF-8"?>
<testsuite xmlns:xsi="http://www.w3.org/2001/XMLSchema-instance" xsi:noNamespaceSchemaLocation="https://maven.apache.org/surefire/maven-surefire-plugin/xsd/surefire-test-report.xsd" name="com.hqt.automationtestwithselenium.login.HostelManagementTest" time="8.21" tests="1" errors="0" skipped="0" failures="0">
  <properties>
[...]
</properties>
  <testcase name="testLoginWithValidatedAccountReturnWell" classname="com.hqt.automationtestwithselenium.login.HostelManagementTest" time="8.202"/>
</testsuite>